<?xml version="1.0" encoding="UTF-8"?>
<!-- Generated by org.testng.reporters.JUnitReportReporter -->
<testsuite hostname="LAPTOP-MVSTHKIP" failures="0" tests="5" name="com.testngex.NewTest" time="0.028" errors="0" timestamp="2022-07-08T16:58:17 IST" skipped="0">
  <testcase classname="com.testngex.NewTest" name="login" time="0.023"/>
  <system-out/>
  <testcase classname="com.testngex.NewTest" name="programeStart" time="0.002"/>
  <system-out/>
  <testcase classname="com.testngex.NewTest" name="programeperformed" time="0.001"/>
  <system-out/>
  <testcase classname="com.testngex.NewTest" name="programeExcution" time="0.001"/>
  <system-out/>
  <testcase classname="com.testngex.NewTest" name="logout" time="0.001"/>
  <system-out/>
</testsuite> <!-- com.testngex.NewTest -->
